<?xml version="1.0" encoding="UTF-8"?>
<!-- Generated by org.testng.reporters.JUnitXMLReporter -->
<testsuite ignored="1" hostname="Sammy" failures="0" tests="4" name="Parameter" time="34.952" errors="0" timestamp="2025-06-15T18:53:29 IST">
  <testcase classname="org.example.listner.DataProviderPractise" name="test2" time="3.468"/>
  <testcase classname="org.example.listner.DataProviderPractise" name="test2" time="3.372"/>
  <testcase classname="org.example.listner.DataProviderPractise" name="test2" time="3.388"/>
  <testcase classname="org.example.listner.DataProviderPractise" name="test2" time="2.547"/>
  <testcase classname="org.example.listner.DataProviderPractise" name="test" time="0.0">
    <ignored/>
  </testcase> <!-- test -->
</testsuite> <!-- Parameter -->
