<?xml version="1.0" encoding="UTF-8"?>
<testng-results ignored="0" total="1" passed="1" failed="0" skipped="0">
  <reporter-output>
  </reporter-output>
  <suite started-at="2025-06-16T23:16:32 IST" name="All Test Suite" finished-at="2025-06-16T23:16:32 IST" duration-ms="56">
    <groups>
    </groups>
    <test started-at="2025-06-16T23:16:32 IST" name="Test" finished-at="2025-06-16T23:16:32 IST" duration-ms="56">
      <class name="org.example.annotationPractise.testngMethodOrders.TestMethodClass">
        <test-method is-config="true" signature="beforeSuiteMethod()[pri:0, instance:org.example.annotationPractise.TestMethodClass@55fe41ea]" started-at="2025-06-16T23:16:32 IST" name="beforeSuiteMethod" finished-at="2025-06-16T23:16:32 IST" duration-ms="18" status="PASS">
          <reporter-output>
          </reporter-output>
        </test-method> <!-- beforeSuiteMethod -->
        <test-method is-config="true" signature="beforeTestMethod()[pri:0, instance:org.example.annotationPractise.TestMethodClass@55fe41ea]" started-at="2025-06-16T23:16:32 IST" name="beforeTestMethod" finished-at="2025-06-16T23:16:32 IST" duration-ms="2" status="PASS">
          <reporter-output>
          </reporter-output>
        </test-method> <!-- beforeTestMethod -->
        <test-method is-config="true" signature="beforeClassMethod()[pri:0, instance:org.example.annotationPractise.TestMethodClass@55fe41ea]" started-at="2025-06-16T23:16:32 IST" name="beforeClassMethod" finished-at="2025-06-16T23:16:32 IST" duration-ms="0" status="PASS">
          <reporter-output>
          </reporter-output>
        </test-method> <!-- beforeClassMethod -->
        <test-method is-config="true" signature="beforeMethod()[pri:0, instance:org.example.annotationPractise.TestMethodClass@55fe41ea]" started-at="2025-06-16T23:16:32 IST" name="beforeMethod" finished-at="2025-06-16T23:16:32 IST" duration-ms="1" status="PASS">
          <reporter-output>
          </reporter-output>
        </test-method> <!-- beforeMethod -->
        <test-method signature="test()[pri:0, instance:org.example.annotationPractise.TestMethodClass@55fe41ea]" started-at="2025-06-16T23:16:32 IST" name="test" finished-at="2025-06-16T23:16:32 IST" duration-ms="2" status="PASS">
          <reporter-output>
          </reporter-output>
        </test-method> <!-- test -->
        <test-method is-config="true" signature="afterMethod()[pri:0, instance:org.example.annotationPractise.TestMethodClass@55fe41ea]" started-at="2025-06-16T23:16:32 IST" name="afterMethod" finished-at="2025-06-16T23:16:32 IST" duration-ms="1" status="PASS">
          <reporter-output>
          </reporter-output>
        </test-method> <!-- afterMethod -->
        <test-method is-config="true" signature="afterClassMethod()[pri:0, instance:org.example.annotationPractise.TestMethodClass@55fe41ea]" started-at="2025-06-16T23:16:32 IST" name="afterClassMethod" finished-at="2025-06-16T23:16:32 IST" duration-ms="1" status="PASS">
          <reporter-output>
          </reporter-output>
        </test-method> <!-- afterClassMethod -->
        <test-method is-config="true" signature="afterTestMethod()[pri:0, instance:org.example.annotationPractise.TestMethodClass@55fe41ea]" started-at="2025-06-16T23:16:32 IST" name="afterTestMethod" finished-at="2025-06-16T23:16:32 IST" duration-ms="0" status="PASS">
          <reporter-output>
          </reporter-output>
        </test-method> <!-- afterTestMethod -->
        <test-method is-config="true" signature="afterSuiteMethod()[pri:0, instance:org.example.annotationPractise.TestMethodClass@55fe41ea]" started-at="2025-06-16T23:16:32 IST" name="afterSuiteMethod" finished-at="2025-06-16T23:16:32 IST" duration-ms="1" status="PASS">
          <reporter-output>
          </reporter-output>
        </test-method> <!-- afterSuiteMethod -->
      </class> <!-- org.example.annotationPractise.testngMethodOrders.TestMethodClass -->
    </test> <!-- Test -->
  </suite> <!-- All Test Suite -->
</testng-results>
